<?xml version="1.0" encoding="UTF-8"?>
<!-- Generated by org.testng.reporters.JUnitXMLReporter -->
<testsuite ignored="2" hostname="LAPTOP-L81UKAGB" failures="0" tests="1" name="Test2" time="21.168" errors="0" timestamp="02 Sep 2023 15:50:44 GMT">
  <testcase classname="tests.DockerTests" name="launchfacebookTest" time="2.495"/>
  <testcase classname="tests.DockerTests" name="launchamazonTest" time="0.0">
    <ignored/>
  </testcase> <!-- launchamazonTest -->
  <testcase classname="tests.DockerTests" name="launchgoogleTest" time="0.0">
    <ignored/>
  </testcase> <!-- launchgoogleTest -->
</testsuite> <!-- Test2 -->
